<?xml version="1.0" encoding="UTF-8"?>
<!-- Generated by org.testng.reporters.JUnitReportReporter -->
<testsuite hostname="DESKTOP-6CV4G98" failures="0" tests="1" name="test.LoginTest" time="1.578" errors="0" timestamp="2022-07-15T21:39:22 IST" skipped="0">
  <testcase classname="test.LoginTest" name="login" time="1.578"/>
  <system-out/>
</testsuite> <!-- test.LoginTest -->
