<?xml version="1.0" encoding="UTF-8"?>
<!-- Generated by org.testng.reporters.JUnitReportReporter -->
<testsuite hostname="DESKTOP-6CV4G98" failures="0" tests="1" name="test.LoginTest" time="4.231" errors="0" timestamp="2022-07-18T20:59:04 IST" skipped="0">
  <testcase classname="test.LoginTest" name="login" time="4.231"/>
  <system-out/>
</testsuite> <!-- test.LoginTest -->
