<?xml version="1.0" encoding="UTF-8"?>
<!-- Generated by org.testng.reporters.JUnitReportReporter -->
<testsuite hostname="DESKTOP-6CV4G98" failures="0" tests="1" name="test.LoginTest" time="1.629" errors="0" timestamp="2022-07-15T21:41:09 IST" skipped="0">
  <testcase classname="test.LoginTest" name="login" time="1.629"/>
  <system-out/>
</testsuite> <!-- test.LoginTest -->
